<?xml version="1.0" encoding="UTF-8"?>
<testsuite xmlns:xsi="http://www.w3.org/2001/XMLSchema-instance" xsi:noNamespaceSchemaLocation="https://maven.apache.org/surefire/maven-surefire-plugin/xsd/surefire-test-report.xsd" version="3.0.2" name="io.gatehill.imposter.sample.PetServiceTest" time="4.149" tests="1" errors="0" skipped="0" failures="0">
  <properties>
    <property name="gopherProxySet" value="false"/>
    <property name="awt.toolkit" value="sun.lwawt.macosx.LWCToolkit"/>
    <property name="java.specification.version" value="11"/>
    <property name="sun.cpu.isalist" value=""/>
    <property name="sun.jnu.encoding" value="UTF-8"/>
    <property name="java.class.path" value="/Users/pete/projects/imposter/imposter-engine/examples/junit-sample/target/test-classes:/Users/pete/projects/imposter/imposter-engine/examples/junit-sample/target/classes:/Users/pete/.m2/repository/com/squareup/okhttp3/okhttp/4.12.0/okhttp-4.12.0.jar:/Users/pete/.m2/repository/com/squareup/okio/okio/3.6.0/okio-3.6.0.jar:/Users/pete/.m2/repository/com/squareup/okio/okio-jvm/3.6.0/okio-jvm-3.6.0.jar:/Users/pete/.m2/repository/org/jetbrains/kotlin/kotlin-stdlib-common/1.9.10/kotlin-stdlib-common-1.9.10.jar:/Users/pete/.m2/repository/org/jetbrains/kotlin/kotlin-stdlib-jdk8/1.8.21/kotlin-stdlib-jdk8-1.8.21.jar:/Users/pete/.m2/repository/org/jetbrains/kotlin/kotlin-stdlib/1.8.21/kotlin-stdlib-1.8.21.jar:/Users/pete/.m2/repository/org/jetbrains/annotations/13.0/annotations-13.0.jar:/Users/pete/.m2/repository/org/jetbrains/kotlin/kotlin-stdlib-jdk7/1.8.21/kotlin-stdlib-jdk7-1.8.21.jar:/Users/pete/.m2/repository/com/fasterxml/jackson/core/jackson-databind/2.18.2/jackson-databind-2.18.2.jar:/Users/pete/.m2/repository/com/fasterxml/jackson/core/jackson-annotations/2.18.2/jackson-annotations-2.18.2.jar:/Users/pete/.m2/repository/com/fasterxml/jackson/core/jackson-core/2.18.2/jackson-core-2.18.2.jar:/Users/pete/.m2/repository/org/junit/jupiter/junit-jupiter-api/5.10.0/junit-jupiter-api-5.10.0.jar:/Users/pete/.m2/repository/org/opentest4j/opentest4j/1.3.0/opentest4j-1.3.0.jar:/Users/pete/.m2/repository/org/junit/platform/junit-platform-commons/1.10.0/junit-platform-commons-1.10.0.jar:/Users/pete/.m2/repository/org/apiguardian/apiguardian-api/1.1.2/apiguardian-api-1.1.2.jar:/Users/pete/.m2/repository/org/junit/jupiter/junit-jupiter-engine/5.10.0/junit-jupiter-engine-5.10.0.jar:/Users/pete/.m2/repository/org/junit/platform/junit-platform-engine/1.10.0/junit-platform-engine-1.10.0.jar:/Users/pete/.m2/repository/io/gatehill/imposter/distro-embedded/4.2.2/distro-embedded-4.2.2.jar:/Users/pete/.m2/repository/io/gatehill/imposter/embedded-core/4.2.2/embedded-core-4.2.2.jar:/Users/pete/.m2/repository/io/gatehill/imposter/embedded-openapi/4.2.2/embedded-openapi-4.2.2.jar:/Users/pete/.m2/repository/io/gatehill/imposter/distro-base/4.2.2/distro-base-4.2.2.jar:/Users/pete/.m2/repository/io/gatehill/imposter/adapter-vertxweb/4.2.2/adapter-vertxweb-4.2.2.jar:/Users/pete/.m2/repository/io/vertx/vertx-web/4.4.5/vertx-web-4.4.5.jar:/Users/pete/.m2/repository/io/vertx/vertx-web-common/4.4.5/vertx-web-common-4.4.5.jar:/Users/pete/.m2/repository/io/vertx/vertx-auth-common/4.4.5/vertx-auth-common-4.4.5.jar:/Users/pete/.m2/repository/io/vertx/vertx-bridge-common/4.4.5/vertx-bridge-common-4.4.5.jar:/Users/pete/.m2/repository/io/gatehill/imposter/plugin-detector/4.2.2/plugin-detector-4.2.2.jar:/Users/pete/.m2/repository/io/gatehill/imposter/imposter-server/4.2.2/imposter-server-4.2.2.jar:/Users/pete/.m2/repository/io/gatehill/imposter/imposter-engine/4.2.2/imposter-engine-4.2.2.jar:/Users/pete/.m2/repository/io/gatehill/imposter/expression/4.2.2/expression-4.2.2.jar:/Users/pete/.m2/repository/com/jayway/jsonpath/json-path/2.7.0/json-path-2.7.0.jar:/Users/pete/.m2/repository/net/minidev/json-smart/2.4.7/json-smart-2.4.7.jar:/Users/pete/.m2/repository/net/minidev/accessors-smart/2.4.7/accessors-smart-2.4.7.jar:/Users/pete/.m2/repository/org/ow2/asm/asm/9.1/asm-9.1.jar:/Users/pete/.m2/repository/org/jdom/jdom2/2.0.6.1/jdom2-2.0.6.1.jar:/Users/pete/.m2/repository/jaxen/jaxen/2.0.0/jaxen-2.0.0.jar:/Users/pete/.m2/repository/org/jetbrains/kotlinx/kotlinx-coroutines-core-jvm/1.7.3/kotlinx-coroutines-core-jvm-1.7.3.jar:/Users/pete/.m2/repository/org/jetbrains/kotlinx/kotlinx-coroutines-jdk8/1.7.3/kotlinx-coroutines-jdk8-1.7.3.jar:/Users/pete/.m2/repository/io/vertx/vertx-micrometer-metrics/4.4.5/vertx-micrometer-metrics-4.4.5.jar:/Users/pete/.m2/repository/io/micrometer/micrometer-core/1.11.3/micrometer-core-1.11.3.jar:/Users/pete/.m2/repository/io/micrometer/micrometer-commons/1.11.3/micrometer-commons-1.11.3.jar:/Users/pete/.m2/repository/io/micrometer/micrometer-observation/1.11.3/micrometer-observation-1.11.3.jar:/Users/pete/.m2/repository/org/latencyutils/LatencyUtils/2.0.3/LatencyUtils-2.0.3.jar:/Users/pete/.m2/repository/org/hdrhistogram/HdrHistogram/2.1.12/HdrHistogram-2.1.12.jar:/Users/pete/.m2/repository/io/micrometer/micrometer-registry-prometheus/1.9.4/micrometer-registry-prometheus-1.9.4.jar:/Users/pete/.m2/repository/io/prometheus/simpleclient_common/0.15.0/simpleclient_common-0.15.0.jar:/Users/pete/.m2/repository/io/prometheus/simpleclient/0.15.0/simpleclient-0.15.0.jar:/Users/pete/.m2/repository/io/prometheus/simpleclient_tracer_otel/0.15.0/simpleclient_tracer_otel-0.15.0.jar:/Users/pete/.m2/repository/io/prometheus/simpleclient_tracer_common/0.15.0/simpleclient_tracer_common-0.15.0.jar:/Users/pete/.m2/repository/io/prometheus/simpleclient_tracer_otel_agent/0.15.0/simpleclient_tracer_otel_agent-0.15.0.jar:/Users/pete/.m2/repository/io/gatehill/imposter/store-common/4.2.2/store-common-4.2.2.jar:/Users/pete/.m2/repository/io/gatehill/imposter/store-inmem/4.2.2/store-inmem-4.2.2.jar:/Users/pete/.m2/repository/io/gatehill/imposter/scripting-groovy/4.2.2/scripting-groovy-4.2.2.jar:/Users/pete/.m2/repository/org/apache/groovy/groovy/4.0.21/groovy-4.0.21.jar:/Users/pete/.m2/repository/org/apache/groovy/groovy-json/4.0.21/groovy-json-4.0.21.jar:/Users/pete/.m2/repository/org/apache/groovy/groovy-xml/4.0.21/groovy-xml-4.0.21.jar:/Users/pete/.m2/repository/io/gatehill/imposter/scripting-graalvm/4.2.2/scripting-graalvm-4.2.2.jar:/Users/pete/.m2/repository/org/graalvm/js/js/22.3.5/js-22.3.5.jar:/Users/pete/.m2/repository/org/graalvm/regex/regex/22.3.5/regex-22.3.5.jar:/Users/pete/.m2/repository/org/graalvm/sdk/graal-sdk/22.3.5/graal-sdk-22.3.5.jar:/Users/pete/.m2/repository/com/ibm/icu/icu4j/71.1/icu4j-71.1.jar:/Users/pete/.m2/repository/org/graalvm/truffle/truffle-api/22.3.5/truffle-api-22.3.5.jar:/Users/pete/.m2/repository/org/graalvm/js/js-scriptengine/22.3.5/js-scriptengine-22.3.5.jar:/Users/pete/.m2/repository/io/gatehill/imposter/scripting-common/4.2.2/scripting-common-4.2.2.jar:/Users/pete/.m2/repository/org/apache/logging/log4j/log4j-core/2.18.0/log4j-core-2.18.0.jar:/Users/pete/.m2/repository/org/apache/logging/log4j/log4j-api/2.18.0/log4j-api-2.18.0.jar:/Users/pete/.m2/repository/org/apache/logging/log4j/log4j-jcl/2.18.0/log4j-jcl-2.18.0.jar:/Users/pete/.m2/repository/commons-logging/commons-logging/1.2/commons-logging-1.2.jar:/Users/pete/.m2/repository/org/apache/logging/log4j/log4j-slf4j-impl/2.18.0/log4j-slf4j-impl-2.18.0.jar:/Users/pete/.m2/repository/org/slf4j/slf4j-api/1.7.25/slf4j-api-1.7.25.jar:/Users/pete/.m2/repository/org/apache/logging/log4j/log4j-1.2-api/2.18.0/log4j-1.2-api-2.18.0.jar:/Users/pete/.m2/repository/org/apache/logging/log4j/log4j-jul/2.18.0/log4j-jul-2.18.0.jar:/Users/pete/.m2/repository/io/gatehill/imposter/config-dynamic/4.2.2/config-dynamic-4.2.2.jar:/Users/pete/.m2/repository/io/gatehill/imposter/imposter-api/4.2.2/imposter-api-4.2.2.jar:/Users/pete/.m2/repository/io/gatehill/imposter/http/4.2.2/http-4.2.2.jar:/Users/pete/.m2/repository/com/google/inject/guice/5.1.0/guice-5.1.0.jar:/Users/pete/.m2/repository/javax/inject/javax.inject/1/javax.inject-1.jar:/Users/pete/.m2/repository/aopalliance/aopalliance/1.0/aopalliance-1.0.jar:/Users/pete/.m2/repository/io/vertx/vertx-core/4.4.5/vertx-core-4.4.5.jar:/Users/pete/.m2/repository/io/netty/netty-common/4.1.97.Final/netty-common-4.1.97.Final.jar:/Users/pete/.m2/repository/io/netty/netty-buffer/4.1.97.Final/netty-buffer-4.1.97.Final.jar:/Users/pete/.m2/repository/io/netty/netty-transport/4.1.97.Final/netty-transport-4.1.97.Final.jar:/Users/pete/.m2/repository/io/netty/netty-handler/4.1.97.Final/netty-handler-4.1.97.Final.jar:/Users/pete/.m2/repository/io/netty/netty-transport-native-unix-common/4.1.97.Final/netty-transport-native-unix-common-4.1.97.Final.jar:/Users/pete/.m2/repository/io/netty/netty-codec/4.1.97.Final/netty-codec-4.1.97.Final.jar:/Users/pete/.m2/repository/io/netty/netty-handler-proxy/4.1.97.Final/netty-handler-proxy-4.1.97.Final.jar:/Users/pete/.m2/repository/io/netty/netty-codec-socks/4.1.97.Final/netty-codec-socks-4.1.97.Final.jar:/Users/pete/.m2/repository/io/netty/netty-codec-http/4.1.97.Final/netty-codec-http-4.1.97.Final.jar:/Users/pete/.m2/repository/io/netty/netty-codec-http2/4.1.97.Final/netty-codec-http2-4.1.97.Final.jar:/Users/pete/.m2/repository/io/netty/netty-resolver/4.1.97.Final/netty-resolver-4.1.97.Final.jar:/Users/pete/.m2/repository/io/netty/netty-resolver-dns/4.1.97.Final/netty-resolver-dns-4.1.97.Final.jar:/Users/pete/.m2/repository/io/netty/netty-codec-dns/4.1.97.Final/netty-codec-dns-4.1.97.Final.jar:/Users/pete/.m2/repository/io/gatehill/imposter/config/4.2.2/config-4.2.2.jar:/Users/pete/.m2/repository/com/fasterxml/jackson/dataformat/jackson-dataformat-yaml/2.18.0/jackson-dataformat-yaml-2.18.0.jar:/Users/pete/.m2/repository/com/fasterxml/jackson/datatype/jackson-datatype-jsr310/2.18.0/jackson-datatype-jsr310-2.18.0.jar:/Users/pete/.m2/repository/com/fasterxml/jackson/module/jackson-module-kotlin/2.18.0/jackson-module-kotlin-2.18.0.jar:/Users/pete/.m2/repository/io/github/classgraph/classgraph/4.8.163/classgraph-4.8.163.jar:/Users/pete/.m2/repository/org/jetbrains/kotlin/kotlin-reflect/1.9.10/kotlin-reflect-1.9.10.jar:/Users/pete/.m2/repository/io/gatehill/imposter/mock-openapi/4.2.2/mock-openapi-4.2.2.jar:/Users/pete/.m2/repository/io/gatehill/imposter/config-resolver-s3/4.2.2/config-resolver-s3-4.2.2.jar:/Users/pete/.m2/repository/com/amazonaws/aws-java-sdk-sts/1.12.581/aws-java-sdk-sts-1.12.581.jar:/Users/pete/.m2/repository/io/swagger/parser/v3/swagger-parser-v3/2.1.22/swagger-parser-v3-2.1.22.jar:/Users/pete/.m2/repository/io/swagger/core/v3/swagger-models/2.2.21/swagger-models-2.2.21.jar:/Users/pete/.m2/repository/io/swagger/core/v3/swagger-core/2.2.21/swagger-core-2.2.21.jar:/Users/pete/.m2/repository/jakarta/xml/bind/jakarta.xml.bind-api/2.3.3/jakarta.xml.bind-api-2.3.3.jar:/Users/pete/.m2/repository/jakarta/activation/jakarta.activation-api/1.2.2/jakarta.activation-api-1.2.2.jar:/Users/pete/.m2/repository/org/apache/commons/commons-lang3/3.14.0/commons-lang3-3.14.0.jar:/Users/pete/.m2/repository/io/swagger/core/v3/swagger-annotations/2.2.21/swagger-annotations-2.2.21.jar:/Users/pete/.m2/repository/jakarta/validation/jakarta.validation-api/2.0.2/jakarta.validation-api-2.0.2.jar:/Users/pete/.m2/repository/io/swagger/parser/v3/swagger-parser-core/2.1.22/swagger-parser-core-2.1.22.jar:/Users/pete/.m2/repository/io/swagger/parser/v3/swagger-parser-safe-url-resolver/2.1.22/swagger-parser-safe-url-resolver-2.1.22.jar:/Users/pete/.m2/repository/commons-io/commons-io/2.15.1/commons-io-2.15.1.jar:/Users/pete/.m2/repository/org/yaml/snakeyaml/2.2/snakeyaml-2.2.jar:/Users/pete/.m2/repository/com/atlassian/oai/swagger-request-validator-core/2.41.0/swagger-request-validator-core-2.41.0.jar:/Users/pete/.m2/repository/io/swagger/parser/v3/swagger-parser/2.1.22/swagger-parser-2.1.22.jar:/Users/pete/.m2/repository/io/swagger/parser/v3/swagger-parser-v2-converter/2.1.22/swagger-parser-v2-converter-2.1.22.jar:/Users/pete/.m2/repository/io/swagger/swagger-core/1.6.14/swagger-core-1.6.14.jar:/Users/pete/.m2/repository/io/swagger/swagger-models/1.6.14/swagger-models-1.6.14.jar:/Users/pete/.m2/repository/io/swagger/swagger-annotations/1.6.14/swagger-annotations-1.6.14.jar:/Users/pete/.m2/repository/io/swagger/swagger-parser/1.0.70/swagger-parser-1.0.70.jar:/Users/pete/.m2/repository/io/swagger/swagger-parser-safe-url-resolver/1.0.70/swagger-parser-safe-url-resolver-1.0.70.jar:/Users/pete/.m2/repository/io/swagger/swagger-compat-spec-parser/1.0.70/swagger-compat-spec-parser-1.0.70.jar:/Users/pete/.m2/repository/com/github/java-json-tools/json-patch/1.13/json-patch-1.13.jar:/Users/pete/.m2/repository/com/github/java-json-tools/json-schema-validator/2.2.14/json-schema-validator-2.2.14.jar:/Users/pete/.m2/repository/com/github/java-json-tools/jackson-coreutils-equivalence/1.0/jackson-coreutils-equivalence-1.0.jar:/Users/pete/.m2/repository/com/github/java-json-tools/jackson-coreutils/2.0/jackson-coreutils-2.0.jar:/Users/pete/.m2/repository/com/github/java-json-tools/msg-simple/1.2/msg-simple-1.2.jar:/Users/pete/.m2/repository/com/github/java-json-tools/btf/1.3/btf-1.3.jar:/Users/pete/.m2/repository/com/github/java-json-tools/json-schema-core/1.2.14/json-schema-core-1.2.14.jar:/Users/pete/.m2/repository/com/github/java-json-tools/uri-template/0.10/uri-template-0.10.jar:/Users/pete/.m2/repository/org/mozilla/rhino/1.7.7.2/rhino-1.7.7.2.jar:/Users/pete/.m2/repository/com/sun/mail/mailapi/1.6.2/mailapi-1.6.2.jar:/Users/pete/.m2/repository/joda-time/joda-time/2.10.5/joda-time-2.10.5.jar:/Users/pete/.m2/repository/com/googlecode/libphonenumber/libphonenumber/8.11.1/libphonenumber-8.11.1.jar:/Users/pete/.m2/repository/net/sf/jopt-simple/jopt-simple/5.0.4/jopt-simple-5.0.4.jar:/Users/pete/.m2/repository/com/google/guava/guava/33.0.0-jre/guava-33.0.0-jre.jar:/Users/pete/.m2/repository/com/google/guava/failureaccess/1.0.2/failureaccess-1.0.2.jar:/Users/pete/.m2/repository/com/google/guava/listenablefuture/9999.0-empty-to-avoid-conflict-with-guava/listenablefuture-9999.0-empty-to-avoid-conflict-with-guava.jar:/Users/pete/.m2/repository/org/checkerframework/checker-qual/3.41.0/checker-qual-3.41.0.jar:/Users/pete/.m2/repository/com/google/errorprone/error_prone_annotations/2.23.0/error_prone_annotations-2.23.0.jar:/Users/pete/.m2/repository/com/google/j2objc/j2objc-annotations/2.8/j2objc-annotations-2.8.jar:/Users/pete/.m2/repository/com/google/code/findbugs/jsr305/3.0.2/jsr305-3.0.2.jar:/Users/pete/.m2/repository/com/fasterxml/jackson/datatype/jackson-datatype-jdk8/2.15.2/jackson-datatype-jdk8-2.15.2.jar:/Users/pete/.m2/repository/com/amazonaws/aws-java-sdk-s3/1.12.581/aws-java-sdk-s3-1.12.581.jar:/Users/pete/.m2/repository/com/amazonaws/aws-java-sdk-kms/1.12.581/aws-java-sdk-kms-1.12.581.jar:/Users/pete/.m2/repository/com/amazonaws/aws-java-sdk-core/1.12.581/aws-java-sdk-core-1.12.581.jar:/Users/pete/.m2/repository/commons-codec/commons-codec/1.15/commons-codec-1.15.jar:/Users/pete/.m2/repository/org/apache/httpcomponents/httpclient/4.5.13/httpclient-4.5.13.jar:/Users/pete/.m2/repository/org/apache/httpcomponents/httpcore/4.4.13/httpcore-4.4.13.jar:/Users/pete/.m2/repository/software/amazon/ion/ion-java/1.0.2/ion-java-1.0.2.jar:/Users/pete/.m2/repository/com/fasterxml/jackson/dataformat/jackson-dataformat-cbor/2.12.6/jackson-dataformat-cbor-2.12.6.jar:/Users/pete/.m2/repository/com/amazonaws/jmespath-java/1.12.581/jmespath-java-1.12.581.jar:"/>
    <property name="java.vm.vendor" value="Eclipse Adoptium"/>
    <property name="sun.arch.data.model" value="64"/>
    <property name="java.vendor.url" value="https://adoptium.net/"/>
    <property name="user.timezone" value="Europe/London"/>
    <property name="java.vm.specification.version" value="11"/>
    <property name="os.name" value="Mac OS X"/>
    <property name="sun.java.launcher" value="SUN_STANDARD"/>
    <property name="user.country" value="GB"/>
    <property name="sun.boot.library.path" value="/Users/pete/.asdf/installs/java/temurin-11.0.22+7/lib"/>
    <property name="sun.java.command" value="/Users/pete/projects/imposter/imposter-engine/examples/junit-sample/target/surefire/surefirebooter-20250217175814309_3.jar /Users/pete/projects/imposter/imposter-engine/examples/junit-sample/target/surefire 2025-02-17T17-58-13_218-jvmRun1 surefire-20250217175814309_1tmp surefire_0-20250217175814309_2tmp"/>
    <property name="http.nonProxyHosts" value="local|*.local|169.254/16|*.169.254/16"/>
    <property name="jdk.debug" value="release"/>
    <property name="surefire.test.class.path" value="/Users/pete/projects/imposter/imposter-engine/examples/junit-sample/target/test-classes:/Users/pete/projects/imposter/imposter-engine/examples/junit-sample/target/classes:/Users/pete/.m2/repository/com/squareup/okhttp3/okhttp/4.12.0/okhttp-4.12.0.jar:/Users/pete/.m2/repository/com/squareup/okio/okio/3.6.0/okio-3.6.0.jar:/Users/pete/.m2/repository/com/squareup/okio/okio-jvm/3.6.0/okio-jvm-3.6.0.jar:/Users/pete/.m2/repository/org/jetbrains/kotlin/kotlin-stdlib-common/1.9.10/kotlin-stdlib-common-1.9.10.jar:/Users/pete/.m2/repository/org/jetbrains/kotlin/kotlin-stdlib-jdk8/1.8.21/kotlin-stdlib-jdk8-1.8.21.jar:/Users/pete/.m2/repository/org/jetbrains/kotlin/kotlin-stdlib/1.8.21/kotlin-stdlib-1.8.21.jar:/Users/pete/.m2/repository/org/jetbrains/annotations/13.0/annotations-13.0.jar:/Users/pete/.m2/repository/org/jetbrains/kotlin/kotlin-stdlib-jdk7/1.8.21/kotlin-stdlib-jdk7-1.8.21.jar:/Users/pete/.m2/repository/com/fasterxml/jackson/core/jackson-databind/2.18.2/jackson-databind-2.18.2.jar:/Users/pete/.m2/repository/com/fasterxml/jackson/core/jackson-annotations/2.18.2/jackson-annotations-2.18.2.jar:/Users/pete/.m2/repository/com/fasterxml/jackson/core/jackson-core/2.18.2/jackson-core-2.18.2.jar:/Users/pete/.m2/repository/org/junit/jupiter/junit-jupiter-api/5.10.0/junit-jupiter-api-5.10.0.jar:/Users/pete/.m2/repository/org/opentest4j/opentest4j/1.3.0/opentest4j-1.3.0.jar:/Users/pete/.m2/repository/org/junit/platform/junit-platform-commons/1.10.0/junit-platform-commons-1.10.0.jar:/Users/pete/.m2/repository/org/apiguardian/apiguardian-api/1.1.2/apiguardian-api-1.1.2.jar:/Users/pete/.m2/repository/org/junit/jupiter/junit-jupiter-engine/5.10.0/junit-jupiter-engine-5.10.0.jar:/Users/pete/.m2/repository/org/junit/platform/junit-platform-engine/1.10.0/junit-platform-engine-1.10.0.jar:/Users/pete/.m2/repository/io/gatehill/imposter/distro-embedded/4.2.2/distro-embedded-4.2.2.jar:/Users/pete/.m2/repository/io/gatehill/imposter/embedded-core/4.2.2/embedded-core-4.2.2.jar:/Users/pete/.m2/repository/io/gatehill/imposter/embedded-openapi/4.2.2/embedded-openapi-4.2.2.jar:/Users/pete/.m2/repository/io/gatehill/imposter/distro-base/4.2.2/distro-base-4.2.2.jar:/Users/pete/.m2/repository/io/gatehill/imposter/adapter-vertxweb/4.2.2/adapter-vertxweb-4.2.2.jar:/Users/pete/.m2/repository/io/vertx/vertx-web/4.4.5/vertx-web-4.4.5.jar:/Users/pete/.m2/repository/io/vertx/vertx-web-common/4.4.5/vertx-web-common-4.4.5.jar:/Users/pete/.m2/repository/io/vertx/vertx-auth-common/4.4.5/vertx-auth-common-4.4.5.jar:/Users/pete/.m2/repository/io/vertx/vertx-bridge-common/4.4.5/vertx-bridge-common-4.4.5.jar:/Users/pete/.m2/repository/io/gatehill/imposter/plugin-detector/4.2.2/plugin-detector-4.2.2.jar:/Users/pete/.m2/repository/io/gatehill/imposter/imposter-server/4.2.2/imposter-server-4.2.2.jar:/Users/pete/.m2/repository/io/gatehill/imposter/imposter-engine/4.2.2/imposter-engine-4.2.2.jar:/Users/pete/.m2/repository/io/gatehill/imposter/expression/4.2.2/expression-4.2.2.jar:/Users/pete/.m2/repository/com/jayway/jsonpath/json-path/2.7.0/json-path-2.7.0.jar:/Users/pete/.m2/repository/net/minidev/json-smart/2.4.7/json-smart-2.4.7.jar:/Users/pete/.m2/repository/net/minidev/accessors-smart/2.4.7/accessors-smart-2.4.7.jar:/Users/pete/.m2/repository/org/ow2/asm/asm/9.1/asm-9.1.jar:/Users/pete/.m2/repository/org/jdom/jdom2/2.0.6.1/jdom2-2.0.6.1.jar:/Users/pete/.m2/repository/jaxen/jaxen/2.0.0/jaxen-2.0.0.jar:/Users/pete/.m2/repository/org/jetbrains/kotlinx/kotlinx-coroutines-core-jvm/1.7.3/kotlinx-coroutines-core-jvm-1.7.3.jar:/Users/pete/.m2/repository/org/jetbrains/kotlinx/kotlinx-coroutines-jdk8/1.7.3/kotlinx-coroutines-jdk8-1.7.3.jar:/Users/pete/.m2/repository/io/vertx/vertx-micrometer-metrics/4.4.5/vertx-micrometer-metrics-4.4.5.jar:/Users/pete/.m2/repository/io/micrometer/micrometer-core/1.11.3/micrometer-core-1.11.3.jar:/Users/pete/.m2/repository/io/micrometer/micrometer-commons/1.11.3/micrometer-commons-1.11.3.jar:/Users/pete/.m2/repository/io/micrometer/micrometer-observation/1.11.3/micrometer-observation-1.11.3.jar:/Users/pete/.m2/repository/org/latencyutils/LatencyUtils/2.0.3/LatencyUtils-2.0.3.jar:/Users/pete/.m2/repository/org/hdrhistogram/HdrHistogram/2.1.12/HdrHistogram-2.1.12.jar:/Users/pete/.m2/repository/io/micrometer/micrometer-registry-prometheus/1.9.4/micrometer-registry-prometheus-1.9.4.jar:/Users/pete/.m2/repository/io/prometheus/simpleclient_common/0.15.0/simpleclient_common-0.15.0.jar:/Users/pete/.m2/repository/io/prometheus/simpleclient/0.15.0/simpleclient-0.15.0.jar:/Users/pete/.m2/repository/io/prometheus/simpleclient_tracer_otel/0.15.0/simpleclient_tracer_otel-0.15.0.jar:/Users/pete/.m2/repository/io/prometheus/simpleclient_tracer_common/0.15.0/simpleclient_tracer_common-0.15.0.jar:/Users/pete/.m2/repository/io/prometheus/simpleclient_tracer_otel_agent/0.15.0/simpleclient_tracer_otel_agent-0.15.0.jar:/Users/pete/.m2/repository/io/gatehill/imposter/store-common/4.2.2/store-common-4.2.2.jar:/Users/pete/.m2/repository/io/gatehill/imposter/store-inmem/4.2.2/store-inmem-4.2.2.jar:/Users/pete/.m2/repository/io/gatehill/imposter/scripting-groovy/4.2.2/scripting-groovy-4.2.2.jar:/Users/pete/.m2/repository/org/apache/groovy/groovy/4.0.21/groovy-4.0.21.jar:/Users/pete/.m2/repository/org/apache/groovy/groovy-json/4.0.21/groovy-json-4.0.21.jar:/Users/pete/.m2/repository/org/apache/groovy/groovy-xml/4.0.21/groovy-xml-4.0.21.jar:/Users/pete/.m2/repository/io/gatehill/imposter/scripting-graalvm/4.2.2/scripting-graalvm-4.2.2.jar:/Users/pete/.m2/repository/org/graalvm/js/js/22.3.5/js-22.3.5.jar:/Users/pete/.m2/repository/org/graalvm/regex/regex/22.3.5/regex-22.3.5.jar:/Users/pete/.m2/repository/org/graalvm/sdk/graal-sdk/22.3.5/graal-sdk-22.3.5.jar:/Users/pete/.m2/repository/com/ibm/icu/icu4j/71.1/icu4j-71.1.jar:/Users/pete/.m2/repository/org/graalvm/truffle/truffle-api/22.3.5/truffle-api-22.3.5.jar:/Users/pete/.m2/repository/org/graalvm/js/js-scriptengine/22.3.5/js-scriptengine-22.3.5.jar:/Users/pete/.m2/repository/io/gatehill/imposter/scripting-common/4.2.2/scripting-common-4.2.2.jar:/Users/pete/.m2/repository/org/apache/logging/log4j/log4j-core/2.18.0/log4j-core-2.18.0.jar:/Users/pete/.m2/repository/org/apache/logging/log4j/log4j-api/2.18.0/log4j-api-2.18.0.jar:/Users/pete/.m2/repository/org/apache/logging/log4j/log4j-jcl/2.18.0/log4j-jcl-2.18.0.jar:/Users/pete/.m2/repository/commons-logging/commons-logging/1.2/commons-logging-1.2.jar:/Users/pete/.m2/repository/org/apache/logging/log4j/log4j-slf4j-impl/2.18.0/log4j-slf4j-impl-2.18.0.jar:/Users/pete/.m2/repository/org/slf4j/slf4j-api/1.7.25/slf4j-api-1.7.25.jar:/Users/pete/.m2/repository/org/apache/logging/log4j/log4j-1.2-api/2.18.0/log4j-1.2-api-2.18.0.jar:/Users/pete/.m2/repository/org/apache/logging/log4j/log4j-jul/2.18.0/log4j-jul-2.18.0.jar:/Users/pete/.m2/repository/io/gatehill/imposter/config-dynamic/4.2.2/config-dynamic-4.2.2.jar:/Users/pete/.m2/repository/io/gatehill/imposter/imposter-api/4.2.2/imposter-api-4.2.2.jar:/Users/pete/.m2/repository/io/gatehill/imposter/http/4.2.2/http-4.2.2.jar:/Users/pete/.m2/repository/com/google/inject/guice/5.1.0/guice-5.1.0.jar:/Users/pete/.m2/repository/javax/inject/javax.inject/1/javax.inject-1.jar:/Users/pete/.m2/repository/aopalliance/aopalliance/1.0/aopalliance-1.0.jar:/Users/pete/.m2/repository/io/vertx/vertx-core/4.4.5/vertx-core-4.4.5.jar:/Users/pete/.m2/repository/io/netty/netty-common/4.1.97.Final/netty-common-4.1.97.Final.jar:/Users/pete/.m2/repository/io/netty/netty-buffer/4.1.97.Final/netty-buffer-4.1.97.Final.jar:/Users/pete/.m2/repository/io/netty/netty-transport/4.1.97.Final/netty-transport-4.1.97.Final.jar:/Users/pete/.m2/repository/io/netty/netty-handler/4.1.97.Final/netty-handler-4.1.97.Final.jar:/Users/pete/.m2/repository/io/netty/netty-transport-native-unix-common/4.1.97.Final/netty-transport-native-unix-common-4.1.97.Final.jar:/Users/pete/.m2/repository/io/netty/netty-codec/4.1.97.Final/netty-codec-4.1.97.Final.jar:/Users/pete/.m2/repository/io/netty/netty-handler-proxy/4.1.97.Final/netty-handler-proxy-4.1.97.Final.jar:/Users/pete/.m2/repository/io/netty/netty-codec-socks/4.1.97.Final/netty-codec-socks-4.1.97.Final.jar:/Users/pete/.m2/repository/io/netty/netty-codec-http/4.1.97.Final/netty-codec-http-4.1.97.Final.jar:/Users/pete/.m2/repository/io/netty/netty-codec-http2/4.1.97.Final/netty-codec-http2-4.1.97.Final.jar:/Users/pete/.m2/repository/io/netty/netty-resolver/4.1.97.Final/netty-resolver-4.1.97.Final.jar:/Users/pete/.m2/repository/io/netty/netty-resolver-dns/4.1.97.Final/netty-resolver-dns-4.1.97.Final.jar:/Users/pete/.m2/repository/io/netty/netty-codec-dns/4.1.97.Final/netty-codec-dns-4.1.97.Final.jar:/Users/pete/.m2/repository/io/gatehill/imposter/config/4.2.2/config-4.2.2.jar:/Users/pete/.m2/repository/com/fasterxml/jackson/dataformat/jackson-dataformat-yaml/2.18.0/jackson-dataformat-yaml-2.18.0.jar:/Users/pete/.m2/repository/com/fasterxml/jackson/datatype/jackson-datatype-jsr310/2.18.0/jackson-datatype-jsr310-2.18.0.jar:/Users/pete/.m2/repository/com/fasterxml/jackson/module/jackson-module-kotlin/2.18.0/jackson-module-kotlin-2.18.0.jar:/Users/pete/.m2/repository/io/github/classgraph/classgraph/4.8.163/classgraph-4.8.163.jar:/Users/pete/.m2/repository/org/jetbrains/kotlin/kotlin-reflect/1.9.10/kotlin-reflect-1.9.10.jar:/Users/pete/.m2/repository/io/gatehill/imposter/mock-openapi/4.2.2/mock-openapi-4.2.2.jar:/Users/pete/.m2/repository/io/gatehill/imposter/config-resolver-s3/4.2.2/config-resolver-s3-4.2.2.jar:/Users/pete/.m2/repository/com/amazonaws/aws-java-sdk-sts/1.12.581/aws-java-sdk-sts-1.12.581.jar:/Users/pete/.m2/repository/io/swagger/parser/v3/swagger-parser-v3/2.1.22/swagger-parser-v3-2.1.22.jar:/Users/pete/.m2/repository/io/swagger/core/v3/swagger-models/2.2.21/swagger-models-2.2.21.jar:/Users/pete/.m2/repository/io/swagger/core/v3/swagger-core/2.2.21/swagger-core-2.2.21.jar:/Users/pete/.m2/repository/jakarta/xml/bind/jakarta.xml.bind-api/2.3.3/jakarta.xml.bind-api-2.3.3.jar:/Users/pete/.m2/repository/jakarta/activation/jakarta.activation-api/1.2.2/jakarta.activation-api-1.2.2.jar:/Users/pete/.m2/repository/org/apache/commons/commons-lang3/3.14.0/commons-lang3-3.14.0.jar:/Users/pete/.m2/repository/io/swagger/core/v3/swagger-annotations/2.2.21/swagger-annotations-2.2.21.jar:/Users/pete/.m2/repository/jakarta/validation/jakarta.validation-api/2.0.2/jakarta.validation-api-2.0.2.jar:/Users/pete/.m2/repository/io/swagger/parser/v3/swagger-parser-core/2.1.22/swagger-parser-core-2.1.22.jar:/Users/pete/.m2/repository/io/swagger/parser/v3/swagger-parser-safe-url-resolver/2.1.22/swagger-parser-safe-url-resolver-2.1.22.jar:/Users/pete/.m2/repository/commons-io/commons-io/2.15.1/commons-io-2.15.1.jar:/Users/pete/.m2/repository/org/yaml/snakeyaml/2.2/snakeyaml-2.2.jar:/Users/pete/.m2/repository/com/atlassian/oai/swagger-request-validator-core/2.41.0/swagger-request-validator-core-2.41.0.jar:/Users/pete/.m2/repository/io/swagger/parser/v3/swagger-parser/2.1.22/swagger-parser-2.1.22.jar:/Users/pete/.m2/repository/io/swagger/parser/v3/swagger-parser-v2-converter/2.1.22/swagger-parser-v2-converter-2.1.22.jar:/Users/pete/.m2/repository/io/swagger/swagger-core/1.6.14/swagger-core-1.6.14.jar:/Users/pete/.m2/repository/io/swagger/swagger-models/1.6.14/swagger-models-1.6.14.jar:/Users/pete/.m2/repository/io/swagger/swagger-annotations/1.6.14/swagger-annotations-1.6.14.jar:/Users/pete/.m2/repository/io/swagger/swagger-parser/1.0.70/swagger-parser-1.0.70.jar:/Users/pete/.m2/repository/io/swagger/swagger-parser-safe-url-resolver/1.0.70/swagger-parser-safe-url-resolver-1.0.70.jar:/Users/pete/.m2/repository/io/swagger/swagger-compat-spec-parser/1.0.70/swagger-compat-spec-parser-1.0.70.jar:/Users/pete/.m2/repository/com/github/java-json-tools/json-patch/1.13/json-patch-1.13.jar:/Users/pete/.m2/repository/com/github/java-json-tools/json-schema-validator/2.2.14/json-schema-validator-2.2.14.jar:/Users/pete/.m2/repository/com/github/java-json-tools/jackson-coreutils-equivalence/1.0/jackson-coreutils-equivalence-1.0.jar:/Users/pete/.m2/repository/com/github/java-json-tools/jackson-coreutils/2.0/jackson-coreutils-2.0.jar:/Users/pete/.m2/repository/com/github/java-json-tools/msg-simple/1.2/msg-simple-1.2.jar:/Users/pete/.m2/repository/com/github/java-json-tools/btf/1.3/btf-1.3.jar:/Users/pete/.m2/repository/com/github/java-json-tools/json-schema-core/1.2.14/json-schema-core-1.2.14.jar:/Users/pete/.m2/repository/com/github/java-json-tools/uri-template/0.10/uri-template-0.10.jar:/Users/pete/.m2/repository/org/mozilla/rhino/1.7.7.2/rhino-1.7.7.2.jar:/Users/pete/.m2/repository/com/sun/mail/mailapi/1.6.2/mailapi-1.6.2.jar:/Users/pete/.m2/repository/joda-time/joda-time/2.10.5/joda-time-2.10.5.jar:/Users/pete/.m2/repository/com/googlecode/libphonenumber/libphonenumber/8.11.1/libphonenumber-8.11.1.jar:/Users/pete/.m2/repository/net/sf/jopt-simple/jopt-simple/5.0.4/jopt-simple-5.0.4.jar:/Users/pete/.m2/repository/com/google/guava/guava/33.0.0-jre/guava-33.0.0-jre.jar:/Users/pete/.m2/repository/com/google/guava/failureaccess/1.0.2/failureaccess-1.0.2.jar:/Users/pete/.m2/repository/com/google/guava/listenablefuture/9999.0-empty-to-avoid-conflict-with-guava/listenablefuture-9999.0-empty-to-avoid-conflict-with-guava.jar:/Users/pete/.m2/repository/org/checkerframework/checker-qual/3.41.0/checker-qual-3.41.0.jar:/Users/pete/.m2/repository/com/google/errorprone/error_prone_annotations/2.23.0/error_prone_annotations-2.23.0.jar:/Users/pete/.m2/repository/com/google/j2objc/j2objc-annotations/2.8/j2objc-annotations-2.8.jar:/Users/pete/.m2/repository/com/google/code/findbugs/jsr305/3.0.2/jsr305-3.0.2.jar:/Users/pete/.m2/repository/com/fasterxml/jackson/datatype/jackson-datatype-jdk8/2.15.2/jackson-datatype-jdk8-2.15.2.jar:/Users/pete/.m2/repository/com/amazonaws/aws-java-sdk-s3/1.12.581/aws-java-sdk-s3-1.12.581.jar:/Users/pete/.m2/repository/com/amazonaws/aws-java-sdk-kms/1.12.581/aws-java-sdk-kms-1.12.581.jar:/Users/pete/.m2/repository/com/amazonaws/aws-java-sdk-core/1.12.581/aws-java-sdk-core-1.12.581.jar:/Users/pete/.m2/repository/commons-codec/commons-codec/1.15/commons-codec-1.15.jar:/Users/pete/.m2/repository/org/apache/httpcomponents/httpclient/4.5.13/httpclient-4.5.13.jar:/Users/pete/.m2/repository/org/apache/httpcomponents/httpcore/4.4.13/httpcore-4.4.13.jar:/Users/pete/.m2/repository/software/amazon/ion/ion-java/1.0.2/ion-java-1.0.2.jar:/Users/pete/.m2/repository/com/fasterxml/jackson/dataformat/jackson-dataformat-cbor/2.12.6/jackson-dataformat-cbor-2.12.6.jar:/Users/pete/.m2/repository/com/amazonaws/jmespath-java/1.12.581/jmespath-java-1.12.581.jar:"/>
    <property name="sun.cpu.endian" value="little"/>
    <property name="user.home" value="/Users/pete"/>
    <property name="user.language" value="en"/>
    <property name="java.specification.vendor" value="Oracle Corporation"/>
    <property name="imposter.features" value="metrics=false"/>
    <property name="java.version.date" value="2024-01-16"/>
    <property name="java.home" value="/Users/pete/.asdf/installs/java/temurin-11.0.22+7"/>
    <property name="file.separator" value="/"/>
    <property name="basedir" value="/Users/pete/projects/imposter/imposter-engine/examples/junit-sample"/>
    <property name="java.vm.compressedOopsMode" value="Zero based"/>
    <property name="line.separator" value="&#10;"/>
    <property name="java.specification.name" value="Java Platform API Specification"/>
    <property name="java.vm.specification.vendor" value="Oracle Corporation"/>
    <property name="java.awt.graphicsenv" value="sun.awt.CGraphicsEnvironment"/>
    <property name="surefire.real.class.path" value="/Users/pete/projects/imposter/imposter-engine/examples/junit-sample/target/surefire/surefirebooter-20250217175814309_3.jar"/>
    <property name="polyglot.engine.WarnInterpreterOnly" value="false"/>
    <property name="sun.management.compiler" value="HotSpot 64-Bit Tiered Compilers"/>
    <property name="ftp.nonProxyHosts" value="local|*.local|169.254/16|*.169.254/16"/>
    <property name="java.runtime.version" value="11.0.22+7"/>
    <property name="user.name" value="pete"/>
    <property name="path.separator" value=":"/>
    <property name="os.version" value="15.3"/>
    <property name="java.runtime.name" value="OpenJDK Runtime Environment"/>
    <property name="file.encoding" value="UTF-8"/>
    <property name="java.vm.name" value="OpenJDK 64-Bit Server VM"/>
    <property name="java.vendor.version" value="Temurin-11.0.22+7"/>
    <property name="localRepository" value="/Users/pete/.m2/repository"/>
    <property name="java.vendor.url.bug" value="https://github.com/adoptium/adoptium-support/issues"/>
    <property name="java.io.tmpdir" value="/var/folders/vx/zcg6m13956bblwgn6yb4hgsc0000gn/T/"/>
    <property name="java.version" value="11.0.22"/>
    <property name="user.dir" value="/Users/pete/projects/imposter/imposter-engine/examples/junit-sample"/>
    <property name="os.arch" value="x86_64"/>
    <property name="java.vm.specification.name" value="Java Virtual Machine Specification"/>
    <property name="java.awt.printerjob" value="sun.lwawt.macosx.CPrinterJob"/>
    <property name="sun.os.patch.level" value="unknown"/>
    <property name="java.library.path" value="/Users/pete/Library/Java/Extensions:/Library/Java/Extensions:/Network/Library/Java/Extensions:/System/Library/Java/Extensions:/usr/lib/java:."/>
    <property name="java.vm.info" value="mixed mode"/>
    <property name="java.vendor" value="Eclipse Adoptium"/>
    <property name="java.vm.version" value="11.0.22+7"/>
    <property name="java.specification.maintenance.version" value="2"/>
    <property name="sun.io.unicode.encoding" value="UnicodeBig"/>
    <property name="java.class.version" value="55.0"/>
    <property name="socksNonProxyHosts" value="local|*.local|169.254/16|*.169.254/16"/>
  </properties>
  <testcase name="shouldListPets" classname="io.gatehill.imposter.sample.PetServiceTest" time="4.13">
    <system-out><![CDATA[17:58:15 WARN  i.n.r.d.DnsServerAddressStreamProviders - Can not find io.netty.resolver.dns.macos.MacOSDnsServerAddressStreamProvider in the classpath, fallback to system defaults. This may result in incorrect DNS resolutions on MacOS. Check whether you have a dependency on 'io.netty:netty-resolver-dns-native-macos'
17:58:16 DEBUG i.g.i.o.e.ConfigGenerator - Wrote Imposter configuration file: /var/folders/vx/zcg6m13956bblwgn6yb4hgsc0000gn/T/imposter11368872602791314229/petstore-simple.yaml-config.json
17:58:16 DEBUG i.g.i.u.FeatureUtil - Overriding feature: metrics=false
17:58:16 DEBUG i.g.i.e.ImposterBuilder - Waiting for mock engine to start...
17:58:16 INFO  i.g.i.Imposter - Starting mock engine 4.2.2
17:58:16 DEBUG i.g.i.c.u.ConfigUtil - Loading configuration file: /var/folders/vx/zcg6m13956bblwgn6yb4hgsc0000gn/T/imposter11368872602791314229/petstore-simple.yaml-config.json
17:58:17 DEBUG i.g.i.p.PluginManager - Loaded 5 plugin(s): [js-detector, store-detector, openapi, js-graal, store-inmem]
17:58:18 DEBUG i.g.i.p.o.OpenApiPluginImpl - Adding mock endpoint: GET -> /v1/pets
17:58:18 DEBUG i.g.i.p.o.OpenApiPluginImpl - Adding specification UI at: http://localhost:50685/_spec
17:58:18 INFO  i.g.i.Imposter - Mock engine up and running on http://localhost:50685
17:58:18 INFO  i.g.i.e.MockEngine - Started Imposter mock engine
  Config dir(s): [/var/folders/vx/zcg6m13956bblwgn6yb4hgsc0000gn/T/imposter11368872602791314229]
  Base URL: http://localhost:50685
  Specification UI: http://localhost:50685/_spec/
Calling http://localhost:50685/v1/pets
17:58:19 WARN  i.g.i.s.ResponseServiceImpl - Response file and data are blank for [5f47fa23-6466-4d87-8970-e8e67742f0a4] GET http://localhost:50685/v1/pets
17:58:19 DEBUG i.g.i.p.o.OpenApiPluginImpl - Setting content type [application/json] from specification for GET http://localhost:50685/v1/pets
17:58:19 DEBUG i.g.i.p.o.s.ExampleServiceImpl - No exact match found for accepted content types - choosing first item found (application/json) from specification. You can switch off this behaviour by setting configuration option 'pickFirstIfNoneMatch: false'
17:58:19 INFO  i.g.i.p.o.s.ResponseTransmissionServiceImpl - Serving mock example for GET http://localhost:50685/v1/pets with status code 200 (response body 49 bytes)
[{"id":101,"name":"Cat"},{"id":102,"name":"Dog"}]
Retrieved 2 pets
]]></system-out>
  </testcase>
</testsuite>